[2026-03-22T18:29:59.864+0000] {taskinstance.py:1956} INFO - Dependencies all met for dep_context=non-requeueable deps ti=<TaskInstance: churn_etl_pipeline.log_pipeline_summary scheduled__2026-02-01T00:00:00+00:00 [queued]>
[2026-03-22T18:29:59.873+0000] {taskinstance.py:1956} INFO - Dependencies all met for dep_context=requeueable deps ti=<TaskInstance: churn_etl_pipeline.log_pipeline_summary scheduled__2026-02-01T00:00:00+00:00 [queued]>
[2026-03-22T18:29:59.874+0000] {taskinstance.py:2170} INFO - Starting attempt 1 of 2
[2026-03-22T18:29:59.894+0000] {taskinstance.py:2191} INFO - Executing <Task(PythonOperator): log_pipeline_summary> on 2026-02-01 00:00:00+00:00
[2026-03-22T18:29:59.899+0000] {standard_task_runner.py:60} INFO - Started process 213 to run task
[2026-03-22T18:29:59.903+0000] {standard_task_runner.py:87} INFO - Running: ['***', 'tasks', 'run', 'churn_etl_pipeline', 'log_pipeline_summary', 'scheduled__2026-02-01T00:00:00+00:00', '--job-id', '13', '--raw', '--subdir', 'DAGS_FOLDER/churn_ppipeline.py', '--cfg-path', '/tmp/tmpegr4740z']
[2026-03-22T18:29:59.905+0000] {standard_task_runner.py:88} INFO - Job 13: Subtask log_pipeline_summary
[2026-03-22T18:30:00.001+0000] {task_command.py:423} INFO - Running <TaskInstance: churn_etl_pipeline.log_pipeline_summary scheduled__2026-02-01T00:00:00+00:00 [running]> on host 94e8f1905d1d
[2026-03-22T18:30:00.156+0000] {taskinstance.py:2480} INFO - Exporting env vars: AIRFLOW_CTX_DAG_OWNER='churn_pipeline' AIRFLOW_CTX_DAG_ID='churn_etl_pipeline' AIRFLOW_CTX_TASK_ID='log_pipeline_summary' AIRFLOW_CTX_EXECUTION_DATE='2026-02-01T00:00:00+00:00' AIRFLOW_CTX_TRY_NUMBER='1' AIRFLOW_CTX_DAG_RUN_ID='scheduled__2026-02-01T00:00:00+00:00'
[2026-03-22T18:30:00.243+0000] {churn_ppipeline.py:206} INFO - =======================================================
[2026-03-22T18:30:00.244+0000] {churn_ppipeline.py:207} INFO - PIPELINE RUN SUMMARY
[2026-03-22T18:30:00.244+0000] {churn_ppipeline.py:208} INFO - =======================================================
[2026-03-22T18:30:00.245+0000] {churn_ppipeline.py:209} INFO -   Run date             : 2026-03-22
[2026-03-22T18:30:00.245+0000] {churn_ppipeline.py:210} INFO -   Data validation      : passed
[2026-03-22T18:30:00.245+0000] {churn_ppipeline.py:211} INFO -   Feature engineering  : success
[2026-03-22T18:30:00.246+0000] {churn_ppipeline.py:212} INFO -   Model training       : None
[2026-03-22T18:30:00.246+0000] {churn_ppipeline.py:213} INFO -   Model evaluation     : None
[2026-03-22T18:30:00.246+0000] {churn_ppipeline.py:214} INFO -   Best model           : None
[2026-03-22T18:30:00.247+0000] {churn_ppipeline.py:215} INFO -   ROC-AUC              : None
[2026-03-22T18:30:00.247+0000] {churn_ppipeline.py:216} INFO -   Accuracy             : None
[2026-03-22T18:30:00.248+0000] {churn_ppipeline.py:217} INFO - =======================================================
[2026-03-22T18:30:00.248+0000] {churn_ppipeline.py:222} INFO - MONTHLY RUN STATUS: SUCCESS
[2026-03-22T18:30:00.248+0000] {python.py:201} INFO - Done. Returned value was: None
[2026-03-22T18:30:00.262+0000] {taskinstance.py:1138} INFO - Marking task as SUCCESS. dag_id=churn_etl_pipeline, task_id=log_pipeline_summary, execution_date=20260201T000000, start_date=20260322T182959, end_date=20260322T183000
[2026-03-22T18:30:00.318+0000] {local_task_job_runner.py:234} INFO - Task exited with return code 0
[2026-03-22T18:30:00.337+0000] {taskinstance.py:3280} INFO - 0 downstream tasks scheduled from follow-on schedule check
