[2026-03-22T18:42:48.877+0000] {taskinstance.py:1956} INFO - Dependencies all met for dep_context=non-requeueable deps ti=<TaskInstance: churn_etl_pipeline.log_pipeline_summary manual__2026-03-22T18:08:54.147084+00:00 [queued]>
[2026-03-22T18:42:48.898+0000] {taskinstance.py:1956} INFO - Dependencies all met for dep_context=requeueable deps ti=<TaskInstance: churn_etl_pipeline.log_pipeline_summary manual__2026-03-22T18:08:54.147084+00:00 [queued]>
[2026-03-22T18:42:48.900+0000] {taskinstance.py:2170} INFO - Starting attempt 1 of 2
[2026-03-22T18:42:48.918+0000] {taskinstance.py:2191} INFO - Executing <Task(PythonOperator): log_pipeline_summary> on 2026-03-22 18:08:54.147084+00:00
[2026-03-22T18:42:48.925+0000] {standard_task_runner.py:60} INFO - Started process 1316 to run task
[2026-03-22T18:42:48.929+0000] {standard_task_runner.py:87} INFO - Running: ['***', 'tasks', 'run', 'churn_etl_pipeline', 'log_pipeline_summary', 'manual__2026-03-22T18:08:54.147084+00:00', '--job-id', '20', '--raw', '--subdir', 'DAGS_FOLDER/churn_ppipeline.py', '--cfg-path', '/tmp/tmpf2hb7n6b']
[2026-03-22T18:42:48.932+0000] {standard_task_runner.py:88} INFO - Job 20: Subtask log_pipeline_summary
[2026-03-22T18:42:49.011+0000] {task_command.py:423} INFO - Running <TaskInstance: churn_etl_pipeline.log_pipeline_summary manual__2026-03-22T18:08:54.147084+00:00 [running]> on host 5727d6cac4b5
[2026-03-22T18:42:49.116+0000] {taskinstance.py:2480} INFO - Exporting env vars: AIRFLOW_CTX_DAG_OWNER='churn_pipeline' AIRFLOW_CTX_DAG_ID='churn_etl_pipeline' AIRFLOW_CTX_TASK_ID='log_pipeline_summary' AIRFLOW_CTX_EXECUTION_DATE='2026-03-22T18:08:54.147084+00:00' AIRFLOW_CTX_TRY_NUMBER='1' AIRFLOW_CTX_DAG_RUN_ID='manual__2026-03-22T18:08:54.147084+00:00'
[2026-03-22T18:42:49.196+0000] {churn_ppipeline.py:206} INFO - =======================================================
[2026-03-22T18:42:49.197+0000] {churn_ppipeline.py:207} INFO - PIPELINE RUN SUMMARY
[2026-03-22T18:42:49.198+0000] {churn_ppipeline.py:208} INFO - =======================================================
[2026-03-22T18:42:49.198+0000] {churn_ppipeline.py:209} INFO -   Run date             : 2026-03-22
[2026-03-22T18:42:49.198+0000] {churn_ppipeline.py:210} INFO -   Data validation      : passed
[2026-03-22T18:42:49.199+0000] {churn_ppipeline.py:211} INFO -   Feature engineering  : success
[2026-03-22T18:42:49.199+0000] {churn_ppipeline.py:212} INFO -   Model training       : success
[2026-03-22T18:42:49.200+0000] {churn_ppipeline.py:213} INFO -   Model evaluation     : success
[2026-03-22T18:42:49.201+0000] {churn_ppipeline.py:214} INFO -   Best model           : Logistic Regression
[2026-03-22T18:42:49.202+0000] {churn_ppipeline.py:215} INFO -   ROC-AUC              : 0.9916
[2026-03-22T18:42:49.203+0000] {churn_ppipeline.py:216} INFO -   Accuracy             : 0.9375
[2026-03-22T18:42:49.204+0000] {churn_ppipeline.py:217} INFO - =======================================================
[2026-03-22T18:42:49.204+0000] {churn_ppipeline.py:222} INFO - MONTHLY RUN STATUS: SUCCESS
[2026-03-22T18:42:49.204+0000] {python.py:201} INFO - Done. Returned value was: None
[2026-03-22T18:42:49.215+0000] {taskinstance.py:1138} INFO - Marking task as SUCCESS. dag_id=churn_etl_pipeline, task_id=log_pipeline_summary, execution_date=20260322T180854, start_date=20260322T184248, end_date=20260322T184249
[2026-03-22T18:42:49.263+0000] {local_task_job_runner.py:234} INFO - Task exited with return code 0
[2026-03-22T18:42:49.282+0000] {taskinstance.py:3280} INFO - 0 downstream tasks scheduled from follow-on schedule check
