[2026-03-22T18:47:45.987+0000] {taskinstance.py:1956} INFO - Dependencies all met for dep_context=non-requeueable deps ti=<TaskInstance: churn_etl_pipeline.log_pipeline_summary manual__2026-03-22T18:32:35.858804+00:00 [queued]>
[2026-03-22T18:47:45.998+0000] {taskinstance.py:1956} INFO - Dependencies all met for dep_context=requeueable deps ti=<TaskInstance: churn_etl_pipeline.log_pipeline_summary manual__2026-03-22T18:32:35.858804+00:00 [queued]>
[2026-03-22T18:47:45.999+0000] {taskinstance.py:2170} INFO - Starting attempt 1 of 2
[2026-03-22T18:47:46.023+0000] {taskinstance.py:2191} INFO - Executing <Task(PythonOperator): log_pipeline_summary> on 2026-03-22 18:32:35.858804+00:00
[2026-03-22T18:47:46.029+0000] {standard_task_runner.py:60} INFO - Started process 2458 to run task
[2026-03-22T18:47:46.034+0000] {standard_task_runner.py:87} INFO - Running: ['***', 'tasks', 'run', 'churn_etl_pipeline', 'log_pipeline_summary', 'manual__2026-03-22T18:32:35.858804+00:00', '--job-id', '25', '--raw', '--subdir', 'DAGS_FOLDER/churn_ppipeline.py', '--cfg-path', '/tmp/tmpqp44leh2']
[2026-03-22T18:47:46.036+0000] {standard_task_runner.py:88} INFO - Job 25: Subtask log_pipeline_summary
[2026-03-22T18:47:46.106+0000] {task_command.py:423} INFO - Running <TaskInstance: churn_etl_pipeline.log_pipeline_summary manual__2026-03-22T18:32:35.858804+00:00 [running]> on host 5727d6cac4b5
[2026-03-22T18:47:46.198+0000] {taskinstance.py:2480} INFO - Exporting env vars: AIRFLOW_CTX_DAG_OWNER='churn_pipeline' AIRFLOW_CTX_DAG_ID='churn_etl_pipeline' AIRFLOW_CTX_TASK_ID='log_pipeline_summary' AIRFLOW_CTX_EXECUTION_DATE='2026-03-22T18:32:35.858804+00:00' AIRFLOW_CTX_TRY_NUMBER='1' AIRFLOW_CTX_DAG_RUN_ID='manual__2026-03-22T18:32:35.858804+00:00'
[2026-03-22T18:47:46.285+0000] {churn_ppipeline.py:206} INFO - =======================================================
[2026-03-22T18:47:46.287+0000] {churn_ppipeline.py:207} INFO - PIPELINE RUN SUMMARY
[2026-03-22T18:47:46.288+0000] {churn_ppipeline.py:208} INFO - =======================================================
[2026-03-22T18:47:46.290+0000] {churn_ppipeline.py:209} INFO -   Run date             : 2026-03-22
[2026-03-22T18:47:46.295+0000] {churn_ppipeline.py:210} INFO -   Data validation      : passed
[2026-03-22T18:47:46.297+0000] {churn_ppipeline.py:211} INFO -   Feature engineering  : success
[2026-03-22T18:47:46.301+0000] {churn_ppipeline.py:212} INFO -   Model training       : success
[2026-03-22T18:47:46.304+0000] {churn_ppipeline.py:213} INFO -   Model evaluation     : success
[2026-03-22T18:47:46.306+0000] {churn_ppipeline.py:214} INFO -   Best model           : Logistic Regression
[2026-03-22T18:47:46.307+0000] {churn_ppipeline.py:215} INFO -   ROC-AUC              : 0.9916
[2026-03-22T18:47:46.309+0000] {churn_ppipeline.py:216} INFO -   Accuracy             : 0.9375
[2026-03-22T18:47:46.311+0000] {churn_ppipeline.py:217} INFO - =======================================================
[2026-03-22T18:47:46.313+0000] {churn_ppipeline.py:222} INFO - MONTHLY RUN STATUS: SUCCESS
[2026-03-22T18:47:46.315+0000] {python.py:201} INFO - Done. Returned value was: None
[2026-03-22T18:47:46.334+0000] {taskinstance.py:1138} INFO - Marking task as SUCCESS. dag_id=churn_etl_pipeline, task_id=log_pipeline_summary, execution_date=20260322T183235, start_date=20260322T184745, end_date=20260322T184746
[2026-03-22T18:47:46.369+0000] {local_task_job_runner.py:234} INFO - Task exited with return code 0
[2026-03-22T18:47:46.393+0000] {taskinstance.py:3280} INFO - 0 downstream tasks scheduled from follow-on schedule check
