[2026-03-22T18:42:54.189+0000] {taskinstance.py:1956} INFO - Dependencies all met for dep_context=non-requeueable deps ti=<TaskInstance: churn_etl_pipeline.run_feature_engineering manual__2026-03-22T18:32:35.858804+00:00 [queued]>
[2026-03-22T18:42:54.204+0000] {taskinstance.py:1956} INFO - Dependencies all met for dep_context=requeueable deps ti=<TaskInstance: churn_etl_pipeline.run_feature_engineering manual__2026-03-22T18:32:35.858804+00:00 [queued]>
[2026-03-22T18:42:54.205+0000] {taskinstance.py:2170} INFO - Starting attempt 1 of 2
[2026-03-22T18:42:54.227+0000] {taskinstance.py:2191} INFO - Executing <Task(PythonOperator): run_feature_engineering> on 2026-03-22 18:32:35.858804+00:00
[2026-03-22T18:42:54.236+0000] {standard_task_runner.py:60} INFO - Started process 1320 to run task
[2026-03-22T18:42:54.241+0000] {standard_task_runner.py:87} INFO - Running: ['***', 'tasks', 'run', 'churn_etl_pipeline', 'run_feature_engineering', 'manual__2026-03-22T18:32:35.858804+00:00', '--job-id', '22', '--raw', '--subdir', 'DAGS_FOLDER/churn_ppipeline.py', '--cfg-path', '/tmp/tmprskyvpqp']
[2026-03-22T18:42:54.245+0000] {standard_task_runner.py:88} INFO - Job 22: Subtask run_feature_engineering
[2026-03-22T18:42:54.338+0000] {task_command.py:423} INFO - Running <TaskInstance: churn_etl_pipeline.run_feature_engineering manual__2026-03-22T18:32:35.858804+00:00 [running]> on host 5727d6cac4b5
[2026-03-22T18:42:54.439+0000] {taskinstance.py:2480} INFO - Exporting env vars: AIRFLOW_CTX_DAG_OWNER='churn_pipeline' AIRFLOW_CTX_DAG_ID='churn_etl_pipeline' AIRFLOW_CTX_TASK_ID='run_feature_engineering' AIRFLOW_CTX_EXECUTION_DATE='2026-03-22T18:32:35.858804+00:00' AIRFLOW_CTX_TRY_NUMBER='1' AIRFLOW_CTX_DAG_RUN_ID='manual__2026-03-22T18:32:35.858804+00:00'
[2026-03-22T18:42:54.442+0000] {churn_ppipeline.py:117} INFO - =======================================================
[2026-03-22T18:42:54.444+0000] {churn_ppipeline.py:118} INFO - TASK 2: Running feature engineering
[2026-03-22T18:42:54.447+0000] {churn_ppipeline.py:119} INFO - =======================================================
[2026-03-22T18:42:54.891+0000] {feature_engineering.py:276} INFO - =======================================================
[2026-03-22T18:42:54.891+0000] {feature_engineering.py:277} INFO - START: Feature Engineering Pipeline
[2026-03-22T18:42:54.892+0000] {feature_engineering.py:278} INFO - =======================================================
[2026-03-22T18:42:55.391+0000] {feature_engineering.py:77} INFO - Loaded 7043 rows from MySQL.
[2026-03-22T18:42:55.392+0000] {feature_engineering.py:282} INFO - Raw shape: (7043, 28)
[2026-03-22T18:42:55.399+0000] {feature_engineering.py:110} INFO - Dropped 7 columns.
[2026-03-22T18:42:55.411+0000] {feature_engineering.py:288} INFO - After cleaning shape: (7043, 21)
[2026-03-22T18:42:55.416+0000] {feature_engineering.py:179} INFO - Engineered: average_charges
[2026-03-22T18:42:55.420+0000] {feature_engineering.py:184} INFO - Engineered: high_value_customer (threshold=89.85)
[2026-03-22T18:42:55.446+0000] {feature_engineering.py:236} INFO - Encoded binary columns: ['Partner', 'Dependents', 'Phone Service', 'Paperless Billing', 'Online Security', 'Online Backup', 'Device Protection', 'Tech Support', 'Streaming Tv', 'Streaming Movies']
[2026-03-22T18:42:55.447+0000] {feature_engineering.py:237} INFO - Encoded categorical columns: ['Contract', 'Internet Service', 'Payment Method', 'Multiple Lines']
[2026-03-22T18:42:55.450+0000] {feature_engineering.py:295} INFO - Final shape: (7043, 23)
[2026-03-22T18:42:55.452+0000] {feature_engineering.py:302} INFO - Null check passed — no missing values.
[2026-03-22T18:42:55.509+0000] {feature_engineering.py:252} INFO - Saved preprocessed data → /opt/***/data/preprocessed/churn_preprocessed.csv
[2026-03-22T18:42:55.518+0000] {feature_engineering.py:268} INFO - Saved feature metadata → /opt/***/data/preprocessed/feature_columns.json
[2026-03-22T18:42:55.520+0000] {feature_engineering.py:307} INFO - =======================================================
[2026-03-22T18:42:55.521+0000] {feature_engineering.py:308} INFO - DONE: Feature Engineering Pipeline
[2026-03-22T18:42:55.522+0000] {feature_engineering.py:309} INFO - =======================================================
[2026-03-22T18:42:55.525+0000] {churn_ppipeline.py:124} INFO - Feature engineering complete.
[2026-03-22T18:42:55.540+0000] {python.py:201} INFO - Done. Returned value was: None
[2026-03-22T18:42:55.550+0000] {taskinstance.py:1138} INFO - Marking task as SUCCESS. dag_id=churn_etl_pipeline, task_id=run_feature_engineering, execution_date=20260322T183235, start_date=20260322T184254, end_date=20260322T184255
[2026-03-22T18:42:55.581+0000] {local_task_job_runner.py:234} INFO - Task exited with return code 0
[2026-03-22T18:42:55.608+0000] {taskinstance.py:3280} INFO - 1 downstream tasks scheduled from follow-on schedule check
